2018-03-30 10:09 +08:00: server started at localhost:8080
2018-03-30 10:09 +08:00:   <-- GET /
2018-03-30 10:09 +08:00:   --> GET / 302 861ms 43b
2018-03-30 10:09 +08:00:   <-- GET /index
2018-03-30 10:09 +08:00: 整个服务端渲染的耗时 whole request: 113ms
2018-03-30 10:09 +08:00:   --> GET /index 200 114ms 15.26kb
2018-03-30 10:09 +08:00:   <-- GET /index
2018-03-31 00:24 +08:00: server started at localhost:8080
2018-04-01 09:14 +08:00:   <-- GET /
2018-04-01 09:14 +08:00:   --> GET / 302 2,191ms 43b
2018-04-01 09:14 +08:00:   <-- GET /index
2018-04-01 09:14 +08:00: 整个服务端渲染的耗时 whole request: 646ms
2018-04-01 09:14 +08:00:   --> GET /index 200 671ms 15.26kb
2018-04-01 09:14 +08:00:   <-- GET /index
2018-04-01 09:18 +08:00: server started at localhost:8080
2018-04-01 09:18 +08:00:   <-- GET /index
2018-04-01 09:18 +08:00: 整个服务端渲染的耗时 whole request: 1563ms
2018-04-01 09:18 +08:00:   --> GET /index 200 1,633ms 15.26kb
2018-04-01 09:18 +08:00:   <-- GET /index
2018-04-01 09:18 +08:00: 整个服务端渲染的耗时 whole request: 91ms
2018-04-01 09:18 +08:00:   --> GET /index 200 92ms 15.26kb
2018-04-01 09:19 +08:00:   <-- GET /index
2018-04-01 09:19 +08:00: 整个服务端渲染的耗时 whole request: 42ms
2018-04-01 09:19 +08:00:   --> GET /index 200 44ms 15.26kb
2018-04-01 09:19 +08:00:   <-- GET /products
2018-04-01 09:19 +08:00: 整个服务端渲染的耗时 whole request: 33ms
2018-04-01 09:19 +08:00:   --> GET /products 200 34ms 5.19kb
2018-04-01 09:19 +08:00:   <-- GET /index
2018-04-01 09:19 +08:00: 整个服务端渲染的耗时 whole request: 41ms
2018-04-01 09:19 +08:00:   --> GET /index 200 43ms 15.26kb
2018-04-01 09:20 +08:00:   <-- GET /detail/4
2018-04-01 09:20 +08:00: 整个服务端渲染的耗时 whole request: 66ms
2018-04-01 09:20 +08:00:   --> GET /detail/4 200 66ms 7.71kb
2018-04-01 09:20 +08:00:   <-- GET /newsarticles/5
2018-04-01 09:20 +08:00: 整个服务端渲染的耗时 whole request: 26ms
2018-04-01 09:20 +08:00:   --> GET /newsarticles/5 200 27ms 5.32kb
2018-04-01 09:20 +08:00:   <-- GET /newsarticles/2
2018-04-01 09:20 +08:00: 整个服务端渲染的耗时 whole request: 26ms
2018-04-01 09:20 +08:00:   --> GET /newsarticles/2 200 29ms 102.54kb
2018-04-01 09:21 +08:00:   <-- GET /products
2018-04-01 09:21 +08:00: 整个服务端渲染的耗时 whole request: 18ms
2018-04-01 09:21 +08:00:   --> GET /products 200 19ms 5.19kb
2018-04-01 09:21 +08:00:   <-- GET /news
2018-04-01 09:21 +08:00: 整个服务端渲染的耗时 whole request: 21ms
2018-04-01 09:21 +08:00:   --> GET /news 200 23ms 7.24kb
2018-04-01 09:21 +08:00:   <-- GET /aboutus
2018-04-01 09:21 +08:00: 整个服务端渲染的耗时 whole request: 26ms
2018-04-01 09:21 +08:00:   --> GET /aboutus 200 27ms 8.42kb
2018-04-01 09:22 +08:00:   <-- GET /contactus
2018-04-01 09:22 +08:00: 整个服务端渲染的耗时 whole request: 26ms
2018-04-01 09:22 +08:00:   --> GET /contactus 200 27ms 6.26kb
2018-04-01 09:22 +08:00:   <-- GET /faq
2018-04-01 09:22 +08:00: 整个服务端渲染的耗时 whole request: 30ms
2018-04-01 09:22 +08:00:   --> GET /faq 200 30ms 8.84kb
2018-04-01 09:25 +08:00:   <-- GET /faq
2018-04-01 09:25 +08:00: 整个服务端渲染的耗时 whole request: 22ms
2018-04-01 09:25 +08:00:   --> GET /faq 200 22ms 8.85kb
2018-04-01 09:25 +08:00:   <-- GET /index
2018-04-01 09:25 +08:00: 整个服务端渲染的耗时 whole request: 37ms
2018-04-01 09:25 +08:00:   --> GET /index 200 39ms 15.26kb
2018-04-01 09:27 +08:00:   <-- GET /detail/4
2018-04-01 09:27 +08:00: 整个服务端渲染的耗时 whole request: 29ms
2018-04-01 09:27 +08:00:   --> GET /detail/4 200 30ms 7.71kb
2018-04-01 09:32 +08:00:   <-- GET /faq
2018-04-01 09:32 +08:00: 整个服务端渲染的耗时 whole request: 47ms
2018-04-01 09:32 +08:00:   --> GET /faq 200 51ms 8.84kb
2018-04-01 13:50 +08:00:   <-- GET /contactus
2018-04-01 13:50 +08:00: 整个服务端渲染的耗时 whole request: 77ms
2018-04-01 13:50 +08:00:   --> GET /contactus 200 79ms 6.26kb
2018-04-01 13:54 +08:00:   <-- GET /products
2018-04-01 13:54 +08:00: 整个服务端渲染的耗时 whole request: 65ms
2018-04-01 13:54 +08:00:   --> GET /products 200 70ms 5.19kb
